<?xml version="1.0" encoding="UTF-8"?>
<!-- Generated by org.testng.reporters.JUnitXMLReporter -->
<testsuite ignored="0" hostname="DESKTOP-0O2DTVI" failures="1" tests="2" name="PickupWithOnlyGift" time="106.321" errors="0" timestamp="2021-06-12T22:10:52 EET">
  <testcase classname="appTestCases.PickupWithOnlyGift" name="CreateOrder" time="41.175"/>
  <testcase classname="webTestCases.AcceptOrderCashier" name="CompletedOrder" time="9.568">
    <failure type="java.lang.AssertionError" message="expected [true] but found [false]">
      <![CDATA[java.lang.AssertionError: expected [true] but found [false]
at webTestCases.AcceptOrderCashier.CompletedOrder(AcceptOrderCashier.java:32)
at java.base/java.util.ArrayList.forEach(ArrayList.java:1511)
... Removed 33 stack frames]]>
    </failure>
  </testcase> <!-- CompletedOrder -->
</testsuite> <!-- PickupWithOnlyGift -->
