<?xml version="1.0" encoding="UTF-8"?>
<!-- Generated by org.testng.reporters.JUnitXMLReporter -->
<testsuite ignored="0" hostname="DESKTOP-0O2DTVI" failures="1" tests="2" name="PickupWithOnlyItem" time="84.023" errors="0" timestamp="2021-06-19T12:30:04 EET">
  <testcase classname="appTestCases.PickupWithOnlyItem" name="CreateOrder" time="30.385"/>
  <testcase classname="webTestCases.AcceptOrderCashier" name="CompletedOrder" time="8.886">
    <failure type="java.lang.AssertionError" message="expected [true] but found [false]">
      <![CDATA[java.lang.AssertionError: expected [true] but found [false]
at webTestCases.AcceptOrderCashier.CompletedOrder(AcceptOrderCashier.java:32)
at java.base/java.util.ArrayList.forEach(ArrayList.java:1511)
... Removed 33 stack frames]]>
    </failure>
  </testcase> <!-- CompletedOrder -->
</testsuite> <!-- PickupWithOnlyItem -->
