<?xml version="1.0" encoding="UTF-8"?>
<testng-results ignored="0" total="1" passed="1" failed="0" skipped="0">
  <reporter-output>
  </reporter-output>
  <suite started-at="2021-06-19T21:36:40 EET" name="Default suite" finished-at="2021-06-19T21:36:46 EET" duration-ms="6068">
    <groups>
    </groups>
    <test started-at="2021-06-19T21:36:40 EET" name="Default test" finished-at="2021-06-19T21:36:46 EET" duration-ms="6068">
      <class name="webTestCases.AddOfflinePoints">
        <test-method signature="CheckAddOfflinePoints()[pri:0, instance:webTestCases.AddOfflinePoints@4b5d6a01]" started-at="2021-06-19T21:36:40 EET" name="CheckAddOfflinePoints" finished-at="2021-06-19T21:36:46 EET" duration-ms="6028" status="PASS">
          <reporter-output>
          </reporter-output>
        </test-method> <!-- CheckAddOfflinePoints -->
      </class> <!-- webTestCases.AddOfflinePoints -->
    </test> <!-- Default test -->
  </suite> <!-- Default suite -->
</testng-results>
